<?xml version="1.0" encoding="UTF-8"?>
<testsuite xmlns:xsi="http://www.w3.org/2001/XMLSchema-instance" xsi:noNamespaceSchemaLocation="https://maven.apache.org/surefire/maven-surefire-plugin/xsd/surefire-test-report.xsd" name="com.example.demo.controllers.OrderControllerTests" time="9.829" tests="1" errors="0" skipped="0" failures="0">
  <properties>
    <property name="java.specification.version" value="17"/>
    <property name="sun.jnu.encoding" value="UTF-8"/>
    <property name="java.class.path" value="/home/otasowie/code-dev/projects/udacity-courses/java-web-developer-nd/nd035-c4-Security-and-DevOps-master/starter_code/target/test-classes:/home/otasowie/code-dev/projects/udacity-courses/java-web-developer-nd/nd035-c4-Security-and-DevOps-master/starter_code/target/classes:/home/otasowie/.m2/repository/org/springframework/boot/spring-boot-starter-data-jpa/2.6.3/spring-boot-starter-data-jpa-2.6.3.jar:/home/otasowie/.m2/repository/org/springframework/boot/spring-boot-starter-aop/2.6.3/spring-boot-starter-aop-2.6.3.jar:/home/otasowie/.m2/repository/org/aspectj/aspectjweaver/1.9.7/aspectjweaver-1.9.7.jar:/home/otasowie/.m2/repository/org/springframework/boot/spring-boot-starter-jdbc/2.6.3/spring-boot-starter-jdbc-2.6.3.jar:/home/otasowie/.m2/repository/com/zaxxer/HikariCP/4.0.3/HikariCP-4.0.3.jar:/home/otasowie/.m2/repository/org/springframework/spring-jdbc/5.3.15/spring-jdbc-5.3.15.jar:/home/otasowie/.m2/repository/jakarta/transaction/jakarta.transaction-api/1.3.3/jakarta.transaction-api-1.3.3.jar:/home/otasowie/.m2/repository/jakarta/persistence/jakarta.persistence-api/2.2.3/jakarta.persistence-api-2.2.3.jar:/home/otasowie/.m2/repository/org/hibernate/hibernate-core/5.6.4.Final/hibernate-core-5.6.4.Final.jar:/home/otasowie/.m2/repository/org/jboss/logging/jboss-logging/3.4.3.Final/jboss-logging-3.4.3.Final.jar:/home/otasowie/.m2/repository/net/bytebuddy/byte-buddy/1.11.22/byte-buddy-1.11.22.jar:/home/otasowie/.m2/repository/antlr/antlr/2.7.7/antlr-2.7.7.jar:/home/otasowie/.m2/repository/org/jboss/jandex/2.4.2.Final/jandex-2.4.2.Final.jar:/home/otasowie/.m2/repository/com/fasterxml/classmate/1.5.1/classmate-1.5.1.jar:/home/otasowie/.m2/repository/org/hibernate/common/hibernate-commons-annotations/5.1.2.Final/hibernate-commons-annotations-5.1.2.Final.jar:/home/otasowie/.m2/repository/org/glassfish/jaxb/jaxb-runtime/2.3.5/jaxb-runtime-2.3.5.jar:/home/otasowie/.m2/repository/org/glassfish/jaxb/txw2/2.3.5/txw2-2.3.5.jar:/home/otasowie/.m2/repository/com/sun/istack/istack-commons-runtime/3.0.12/istack-commons-runtime-3.0.12.jar:/home/otasowie/.m2/repository/com/sun/activation/jakarta.activation/1.2.2/jakarta.activation-1.2.2.jar:/home/otasowie/.m2/repository/org/springframework/data/spring-data-jpa/2.6.1/spring-data-jpa-2.6.1.jar:/home/otasowie/.m2/repository/org/springframework/data/spring-data-commons/2.6.1/spring-data-commons-2.6.1.jar:/home/otasowie/.m2/repository/org/springframework/spring-orm/5.3.15/spring-orm-5.3.15.jar:/home/otasowie/.m2/repository/org/springframework/spring-context/5.3.15/spring-context-5.3.15.jar:/home/otasowie/.m2/repository/org/springframework/spring-tx/5.3.15/spring-tx-5.3.15.jar:/home/otasowie/.m2/repository/org/springframework/spring-beans/5.3.15/spring-beans-5.3.15.jar:/home/otasowie/.m2/repository/org/springframework/spring-aspects/5.3.15/spring-aspects-5.3.15.jar:/home/otasowie/.m2/repository/org/springframework/boot/spring-boot-starter-web/2.6.3/spring-boot-starter-web-2.6.3.jar:/home/otasowie/.m2/repository/org/springframework/boot/spring-boot-starter/2.6.3/spring-boot-starter-2.6.3.jar:/home/otasowie/.m2/repository/org/springframework/boot/spring-boot/2.6.3/spring-boot-2.6.3.jar:/home/otasowie/.m2/repository/org/springframework/boot/spring-boot-autoconfigure/2.6.3/spring-boot-autoconfigure-2.6.3.jar:/home/otasowie/.m2/repository/org/springframework/boot/spring-boot-starter-logging/2.6.3/spring-boot-starter-logging-2.6.3.jar:/home/otasowie/.m2/repository/ch/qos/logback/logback-classic/1.2.10/logback-classic-1.2.10.jar:/home/otasowie/.m2/repository/ch/qos/logback/logback-core/1.2.10/logback-core-1.2.10.jar:/home/otasowie/.m2/repository/org/apache/logging/log4j/log4j-to-slf4j/2.17.1/log4j-to-slf4j-2.17.1.jar:/home/otasowie/.m2/repository/org/yaml/snakeyaml/1.29/snakeyaml-1.29.jar:/home/otasowie/.m2/repository/org/springframework/boot/spring-boot-starter-json/2.6.3/spring-boot-starter-json-2.6.3.jar:/home/otasowie/.m2/repository/com/fasterxml/jackson/datatype/jackson-datatype-jdk8/2.13.1/jackson-datatype-jdk8-2.13.1.jar:/home/otasowie/.m2/repository/com/fasterxml/jackson/datatype/jackson-datatype-jsr310/2.13.1/jackson-datatype-jsr310-2.13.1.jar:/home/otasowie/.m2/repository/com/fasterxml/jackson/module/jackson-module-parameter-names/2.13.1/jackson-module-parameter-names-2.13.1.jar:/home/otasowie/.m2/repository/org/springframework/spring-web/5.3.15/spring-web-5.3.15.jar:/home/otasowie/.m2/repository/org/springframework/spring-webmvc/5.3.15/spring-webmvc-5.3.15.jar:/home/otasowie/.m2/repository/org/springframework/spring-expression/5.3.15/spring-expression-5.3.15.jar:/home/otasowie/.m2/repository/org/springframework/boot/spring-boot-starter-tomcat/2.6.3/spring-boot-starter-tomcat-2.6.3.jar:/home/otasowie/.m2/repository/jakarta/annotation/jakarta.annotation-api/1.3.5/jakarta.annotation-api-1.3.5.jar:/home/otasowie/.m2/repository/org/apache/tomcat/embed/tomcat-embed-core/9.0.56/tomcat-embed-core-9.0.56.jar:/home/otasowie/.m2/repository/org/apache/tomcat/embed/tomcat-embed-el/9.0.56/tomcat-embed-el-9.0.56.jar:/home/otasowie/.m2/repository/org/apache/tomcat/embed/tomcat-embed-websocket/9.0.56/tomcat-embed-websocket-9.0.56.jar:/home/otasowie/.m2/repository/com/h2database/h2/1.4.200/h2-1.4.200.jar:/home/otasowie/.m2/repository/org/springframework/boot/spring-boot-starter-security/2.6.3/spring-boot-starter-security-2.6.3.jar:/home/otasowie/.m2/repository/org/springframework/spring-aop/5.3.15/spring-aop-5.3.15.jar:/home/otasowie/.m2/repository/org/springframework/security/spring-security-config/5.6.1/spring-security-config-5.6.1.jar:/home/otasowie/.m2/repository/org/springframework/security/spring-security-web/5.6.1/spring-security-web-5.6.1.jar:/home/otasowie/.m2/repository/org/codehaus/mojo/tomcat-maven-plugin/1.1/tomcat-maven-plugin-1.1.jar:/home/otasowie/.m2/repository/org/apache/maven/maven-plugin-api/2.0.8/maven-plugin-api-2.0.8.jar:/home/otasowie/.m2/repository/org/apache/maven/maven-artifact-manager/2.0.8/maven-artifact-manager-2.0.8.jar:/home/otasowie/.m2/repository/org/apache/maven/maven-repository-metadata/2.0.8/maven-repository-metadata-2.0.8.jar:/home/otasowie/.m2/repository/org/codehaus/plexus/plexus-container-default/1.0-alpha-9-stable-1/plexus-container-default-1.0-alpha-9-stable-1.jar:/home/otasowie/.m2/repository/junit/junit/4.13.2/junit-4.13.2.jar:/home/otasowie/.m2/repository/org/hamcrest/hamcrest-core/2.2/hamcrest-core-2.2.jar:/home/otasowie/.m2/repository/classworlds/classworlds/1.1-alpha-2/classworlds-1.1-alpha-2.jar:/home/otasowie/.m2/repository/org/apache/maven/wagon/wagon-provider-api/1.0-alpha-5/wagon-provider-api-1.0-alpha-5.jar:/home/otasowie/.m2/repository/org/apache/maven/maven-artifact/2.0.8/maven-artifact-2.0.8.jar:/home/otasowie/.m2/repository/org/apache/maven/maven-project/2.0.8/maven-project-2.0.8.jar:/home/otasowie/.m2/repository/org/apache/maven/maven-settings/2.0.8/maven-settings-2.0.8.jar:/home/otasowie/.m2/repository/org/apache/maven/maven-profile/2.0.8/maven-profile-2.0.8.jar:/home/otasowie/.m2/repository/org/apache/maven/maven-model/2.0.8/maven-model-2.0.8.jar:/home/otasowie/.m2/repository/org/apache/maven/maven-plugin-registry/2.0.8/maven-plugin-registry-2.0.8.jar:/home/otasowie/.m2/repository/org/apache/maven/maven-archiver/2.2/maven-archiver-2.2.jar:/home/otasowie/.m2/repository/org/codehaus/plexus/plexus-archiver/1.0-alpha-7/plexus-archiver-1.0-alpha-7.jar:/home/otasowie/.m2/repository/org/codehaus/plexus/plexus-utils/1.0.4/plexus-utils-1.0.4.jar:/home/otasowie/.m2/repository/commons-codec/commons-codec/1.15/commons-codec-1.15.jar:/home/otasowie/.m2/repository/org/codehaus/plexus/plexus-classworlds/2.2.2/plexus-classworlds-2.2.2.jar:/home/otasowie/.m2/repository/org/apache/tomcat/catalina/6.0.29/catalina-6.0.29.jar:/home/otasowie/.m2/repository/org/apache/tomcat/juli/6.0.29/juli-6.0.29.jar:/home/otasowie/.m2/repository/org/apache/tomcat/annotations-api/6.0.29/annotations-api-6.0.29.jar:/home/otasowie/.m2/repository/org/apache/tomcat/catalina-ha/6.0.29/catalina-ha-6.0.29.jar:/home/otasowie/.m2/repository/org/apache/tomcat/tribes/6.0.29/tribes-6.0.29.jar:/home/otasowie/.m2/repository/org/apache/tomcat/el-api/6.0.29/el-api-6.0.29.jar:/home/otasowie/.m2/repository/org/apache/tomcat/jasper/6.0.29/jasper-6.0.29.jar:/home/otasowie/.m2/repository/org/apache/tomcat/jasper-el/6.0.29/jasper-el-6.0.29.jar:/home/otasowie/.m2/repository/org/apache/tomcat/jasper-jdt/6.0.29/jasper-jdt-6.0.29.jar:/home/otasowie/.m2/repository/org/apache/tomcat/jsp-api/6.0.29/jsp-api-6.0.29.jar:/home/otasowie/.m2/repository/org/apache/tomcat/servlet-api/6.0.29/servlet-api-6.0.29.jar:/home/otasowie/.m2/repository/org/apache/tomcat/coyote/6.0.29/coyote-6.0.29.jar:/home/otasowie/.m2/repository/org/apache/tomcat/dbcp/6.0.29/dbcp-6.0.29.jar:/home/otasowie/.m2/repository/com/auth0/java-jwt/3.19.0/java-jwt-3.19.0.jar:/home/otasowie/.m2/repository/com/fasterxml/jackson/core/jackson-databind/2.13.1/jackson-databind-2.13.1.jar:/home/otasowie/.m2/repository/com/fasterxml/jackson/core/jackson-annotations/2.13.1/jackson-annotations-2.13.1.jar:/home/otasowie/.m2/repository/com/fasterxml/jackson/core/jackson-core/2.13.1/jackson-core-2.13.1.jar:/home/otasowie/.m2/repository/org/liquibase/liquibase-core/4.7.1/liquibase-core-4.7.1.jar:/home/otasowie/.m2/repository/javax/xml/bind/jaxb-api/2.3.1/jaxb-api-2.3.1.jar:/home/otasowie/.m2/repository/javax/activation/javax.activation-api/1.2.0/javax.activation-api-1.2.0.jar:/home/otasowie/.m2/repository/org/liquibase/liquibase-maven-plugin/4.7.1/liquibase-maven-plugin-4.7.1.jar:/home/otasowie/.m2/repository/org/apache/maven/maven-core/3.3.9/maven-core-3.3.9.jar:/home/otasowie/.m2/repository/org/apache/maven/maven-settings-builder/3.3.9/maven-settings-builder-3.3.9.jar:/home/otasowie/.m2/repository/org/apache/maven/maven-builder-support/3.3.9/maven-builder-support-3.3.9.jar:/home/otasowie/.m2/repository/org/apache/maven/maven-model-builder/3.3.9/maven-model-builder-3.3.9.jar:/home/otasowie/.m2/repository/com/google/guava/guava/18.0/guava-18.0.jar:/home/otasowie/.m2/repository/org/apache/maven/maven-aether-provider/3.3.9/maven-aether-provider-3.3.9.jar:/home/otasowie/.m2/repository/org/eclipse/aether/aether-spi/1.0.2.v20150114/aether-spi-1.0.2.v20150114.jar:/home/otasowie/.m2/repository/org/eclipse/aether/aether-impl/1.0.2.v20150114/aether-impl-1.0.2.v20150114.jar:/home/otasowie/.m2/repository/org/eclipse/aether/aether-api/1.0.2.v20150114/aether-api-1.0.2.v20150114.jar:/home/otasowie/.m2/repository/org/eclipse/aether/aether-util/1.0.2.v20150114/aether-util-1.0.2.v20150114.jar:/home/otasowie/.m2/repository/org/eclipse/sisu/org.eclipse.sisu.plexus/0.3.2/org.eclipse.sisu.plexus-0.3.2.jar:/home/otasowie/.m2/repository/javax/enterprise/cdi-api/1.0/cdi-api-1.0.jar:/home/otasowie/.m2/repository/javax/annotation/jsr250-api/1.0/jsr250-api-1.0.jar:/home/otasowie/.m2/repository/org/eclipse/sisu/org.eclipse.sisu.inject/0.3.2/org.eclipse.sisu.inject-0.3.2.jar:/home/otasowie/.m2/repository/com/google/inject/guice/4.0/guice-4.0-no_aop.jar:/home/otasowie/.m2/repository/javax/inject/javax.inject/1/javax.inject-1.jar:/home/otasowie/.m2/repository/aopalliance/aopalliance/1.0/aopalliance-1.0.jar:/home/otasowie/.m2/repository/org/codehaus/plexus/plexus-interpolation/1.21/plexus-interpolation-1.21.jar:/home/otasowie/.m2/repository/org/codehaus/plexus/plexus-component-annotations/1.6/plexus-component-annotations-1.6.jar:/home/otasowie/.m2/repository/org/sonatype/plexus/plexus-sec-dispatcher/1.3/plexus-sec-dispatcher-1.3.jar:/home/otasowie/.m2/repository/org/sonatype/plexus/plexus-cipher/1.4/plexus-cipher-1.4.jar:/home/otasowie/.m2/repository/org/apache/commons/commons-lang3/3.12.0/commons-lang3-3.12.0.jar:/home/otasowie/.m2/repository/org/apache/maven/maven-compat/3.3.9/maven-compat-3.3.9.jar:/home/otasowie/.m2/repository/org/springframework/boot/spring-boot-starter-test/2.6.3/spring-boot-starter-test-2.6.3.jar:/home/otasowie/.m2/repository/org/springframework/boot/spring-boot-test/2.6.3/spring-boot-test-2.6.3.jar:/home/otasowie/.m2/repository/org/springframework/boot/spring-boot-test-autoconfigure/2.6.3/spring-boot-test-autoconfigure-2.6.3.jar:/home/otasowie/.m2/repository/com/jayway/jsonpath/json-path/2.6.0/json-path-2.6.0.jar:/home/otasowie/.m2/repository/net/minidev/json-smart/2.4.7/json-smart-2.4.7.jar:/home/otasowie/.m2/repository/net/minidev/accessors-smart/2.4.7/accessors-smart-2.4.7.jar:/home/otasowie/.m2/repository/org/ow2/asm/asm/9.1/asm-9.1.jar:/home/otasowie/.m2/repository/jakarta/xml/bind/jakarta.xml.bind-api/2.3.3/jakarta.xml.bind-api-2.3.3.jar:/home/otasowie/.m2/repository/jakarta/activation/jakarta.activation-api/1.2.2/jakarta.activation-api-1.2.2.jar:/home/otasowie/.m2/repository/org/assertj/assertj-core/3.21.0/assertj-core-3.21.0.jar:/home/otasowie/.m2/repository/org/hamcrest/hamcrest/2.2/hamcrest-2.2.jar:/home/otasowie/.m2/repository/org/junit/jupiter/junit-jupiter/5.8.2/junit-jupiter-5.8.2.jar:/home/otasowie/.m2/repository/org/junit/jupiter/junit-jupiter-api/5.8.2/junit-jupiter-api-5.8.2.jar:/home/otasowie/.m2/repository/org/opentest4j/opentest4j/1.2.0/opentest4j-1.2.0.jar:/home/otasowie/.m2/repository/org/junit/platform/junit-platform-commons/1.8.2/junit-platform-commons-1.8.2.jar:/home/otasowie/.m2/repository/org/apiguardian/apiguardian-api/1.1.2/apiguardian-api-1.1.2.jar:/home/otasowie/.m2/repository/org/junit/jupiter/junit-jupiter-params/5.8.2/junit-jupiter-params-5.8.2.jar:/home/otasowie/.m2/repository/org/junit/jupiter/junit-jupiter-engine/5.8.2/junit-jupiter-engine-5.8.2.jar:/home/otasowie/.m2/repository/org/junit/platform/junit-platform-engine/1.8.2/junit-platform-engine-1.8.2.jar:/home/otasowie/.m2/repository/org/mockito/mockito-core/4.0.0/mockito-core-4.0.0.jar:/home/otasowie/.m2/repository/net/bytebuddy/byte-buddy-agent/1.11.22/byte-buddy-agent-1.11.22.jar:/home/otasowie/.m2/repository/org/objenesis/objenesis/3.2/objenesis-3.2.jar:/home/otasowie/.m2/repository/org/mockito/mockito-junit-jupiter/4.0.0/mockito-junit-jupiter-4.0.0.jar:/home/otasowie/.m2/repository/org/skyscreamer/jsonassert/1.5.0/jsonassert-1.5.0.jar:/home/otasowie/.m2/repository/com/vaadin/external/google/android-json/0.0.20131108.vaadin1/android-json-0.0.20131108.vaadin1.jar:/home/otasowie/.m2/repository/org/springframework/spring-core/5.3.15/spring-core-5.3.15.jar:/home/otasowie/.m2/repository/org/springframework/spring-jcl/5.3.15/spring-jcl-5.3.15.jar:/home/otasowie/.m2/repository/org/springframework/spring-test/5.3.15/spring-test-5.3.15.jar:/home/otasowie/.m2/repository/org/xmlunit/xmlunit-core/2.8.4/xmlunit-core-2.8.4.jar:/home/otasowie/.m2/repository/org/springframework/security/spring-security-test/5.6.1/spring-security-test-5.6.1.jar:/home/otasowie/.m2/repository/org/springframework/security/spring-security-core/5.6.1/spring-security-core-5.6.1.jar:/home/otasowie/.m2/repository/org/springframework/security/spring-security-crypto/5.6.1/spring-security-crypto-5.6.1.jar:/home/otasowie/.m2/repository/org/springframework/boot/spring-boot-starter-log4j2/2.6.3/spring-boot-starter-log4j2-2.6.3.jar:/home/otasowie/.m2/repository/org/apache/logging/log4j/log4j-jul/2.17.1/log4j-jul-2.17.1.jar:/home/otasowie/.m2/repository/org/slf4j/jul-to-slf4j/1.7.33/jul-to-slf4j-1.7.33.jar:/home/otasowie/.m2/repository/org/apache/logging/log4j/log4j-api/2.17.2/log4j-api-2.17.2.jar:/home/otasowie/.m2/repository/org/apache/logging/log4j/log4j-core/2.17.2/log4j-core-2.17.2.jar:/home/otasowie/.m2/repository/org/apache/logging/log4j/log4j-slf4j-impl/2.17.2/log4j-slf4j-impl-2.17.2.jar:/home/otasowie/.m2/repository/org/slf4j/slf4j-api/1.7.33/slf4j-api-1.7.33.jar:/home/otasowie/.m2/repository/org/projectlombok/lombok/1.18.22/lombok-1.18.22.jar:"/>
    <property name="java.vm.vendor" value="Amazon.com Inc."/>
    <property name="sun.arch.data.model" value="64"/>
    <property name="java.vendor.url" value="https://aws.amazon.com/corretto/"/>
    <property name="os.name" value="Linux"/>
    <property name="java.vm.specification.version" value="17"/>
    <property name="sun.java.launcher" value="SUN_STANDARD"/>
    <property name="user.country" value="US"/>
    <property name="sun.boot.library.path" value="/usr/lib/jvm/java-17-amazon-corretto/lib"/>
    <property name="sun.java.command" value="/home/otasowie/code-dev/projects/udacity-courses/java-web-developer-nd/nd035-c4-Security-and-DevOps-master/starter_code/target/surefire/surefirebooter14511987831921425574.jar /home/otasowie/code-dev/projects/udacity-courses/java-web-developer-nd/nd035-c4-Security-and-DevOps-master/starter_code/target/surefire 2022-04-16T12-05-36_500-jvmRun1 surefire12443193195125134323tmp surefire_015448069306315896977tmp"/>
    <property name="jdk.debug" value="release"/>
    <property name="surefire.test.class.path" value="/home/otasowie/code-dev/projects/udacity-courses/java-web-developer-nd/nd035-c4-Security-and-DevOps-master/starter_code/target/test-classes:/home/otasowie/code-dev/projects/udacity-courses/java-web-developer-nd/nd035-c4-Security-and-DevOps-master/starter_code/target/classes:/home/otasowie/.m2/repository/org/springframework/boot/spring-boot-starter-data-jpa/2.6.3/spring-boot-starter-data-jpa-2.6.3.jar:/home/otasowie/.m2/repository/org/springframework/boot/spring-boot-starter-aop/2.6.3/spring-boot-starter-aop-2.6.3.jar:/home/otasowie/.m2/repository/org/aspectj/aspectjweaver/1.9.7/aspectjweaver-1.9.7.jar:/home/otasowie/.m2/repository/org/springframework/boot/spring-boot-starter-jdbc/2.6.3/spring-boot-starter-jdbc-2.6.3.jar:/home/otasowie/.m2/repository/com/zaxxer/HikariCP/4.0.3/HikariCP-4.0.3.jar:/home/otasowie/.m2/repository/org/springframework/spring-jdbc/5.3.15/spring-jdbc-5.3.15.jar:/home/otasowie/.m2/repository/jakarta/transaction/jakarta.transaction-api/1.3.3/jakarta.transaction-api-1.3.3.jar:/home/otasowie/.m2/repository/jakarta/persistence/jakarta.persistence-api/2.2.3/jakarta.persistence-api-2.2.3.jar:/home/otasowie/.m2/repository/org/hibernate/hibernate-core/5.6.4.Final/hibernate-core-5.6.4.Final.jar:/home/otasowie/.m2/repository/org/jboss/logging/jboss-logging/3.4.3.Final/jboss-logging-3.4.3.Final.jar:/home/otasowie/.m2/repository/net/bytebuddy/byte-buddy/1.11.22/byte-buddy-1.11.22.jar:/home/otasowie/.m2/repository/antlr/antlr/2.7.7/antlr-2.7.7.jar:/home/otasowie/.m2/repository/org/jboss/jandex/2.4.2.Final/jandex-2.4.2.Final.jar:/home/otasowie/.m2/repository/com/fasterxml/classmate/1.5.1/classmate-1.5.1.jar:/home/otasowie/.m2/repository/org/hibernate/common/hibernate-commons-annotations/5.1.2.Final/hibernate-commons-annotations-5.1.2.Final.jar:/home/otasowie/.m2/repository/org/glassfish/jaxb/jaxb-runtime/2.3.5/jaxb-runtime-2.3.5.jar:/home/otasowie/.m2/repository/org/glassfish/jaxb/txw2/2.3.5/txw2-2.3.5.jar:/home/otasowie/.m2/repository/com/sun/istack/istack-commons-runtime/3.0.12/istack-commons-runtime-3.0.12.jar:/home/otasowie/.m2/repository/com/sun/activation/jakarta.activation/1.2.2/jakarta.activation-1.2.2.jar:/home/otasowie/.m2/repository/org/springframework/data/spring-data-jpa/2.6.1/spring-data-jpa-2.6.1.jar:/home/otasowie/.m2/repository/org/springframework/data/spring-data-commons/2.6.1/spring-data-commons-2.6.1.jar:/home/otasowie/.m2/repository/org/springframework/spring-orm/5.3.15/spring-orm-5.3.15.jar:/home/otasowie/.m2/repository/org/springframework/spring-context/5.3.15/spring-context-5.3.15.jar:/home/otasowie/.m2/repository/org/springframework/spring-tx/5.3.15/spring-tx-5.3.15.jar:/home/otasowie/.m2/repository/org/springframework/spring-beans/5.3.15/spring-beans-5.3.15.jar:/home/otasowie/.m2/repository/org/springframework/spring-aspects/5.3.15/spring-aspects-5.3.15.jar:/home/otasowie/.m2/repository/org/springframework/boot/spring-boot-starter-web/2.6.3/spring-boot-starter-web-2.6.3.jar:/home/otasowie/.m2/repository/org/springframework/boot/spring-boot-starter/2.6.3/spring-boot-starter-2.6.3.jar:/home/otasowie/.m2/repository/org/springframework/boot/spring-boot/2.6.3/spring-boot-2.6.3.jar:/home/otasowie/.m2/repository/org/springframework/boot/spring-boot-autoconfigure/2.6.3/spring-boot-autoconfigure-2.6.3.jar:/home/otasowie/.m2/repository/org/springframework/boot/spring-boot-starter-logging/2.6.3/spring-boot-starter-logging-2.6.3.jar:/home/otasowie/.m2/repository/ch/qos/logback/logback-classic/1.2.10/logback-classic-1.2.10.jar:/home/otasowie/.m2/repository/ch/qos/logback/logback-core/1.2.10/logback-core-1.2.10.jar:/home/otasowie/.m2/repository/org/apache/logging/log4j/log4j-to-slf4j/2.17.1/log4j-to-slf4j-2.17.1.jar:/home/otasowie/.m2/repository/org/yaml/snakeyaml/1.29/snakeyaml-1.29.jar:/home/otasowie/.m2/repository/org/springframework/boot/spring-boot-starter-json/2.6.3/spring-boot-starter-json-2.6.3.jar:/home/otasowie/.m2/repository/com/fasterxml/jackson/datatype/jackson-datatype-jdk8/2.13.1/jackson-datatype-jdk8-2.13.1.jar:/home/otasowie/.m2/repository/com/fasterxml/jackson/datatype/jackson-datatype-jsr310/2.13.1/jackson-datatype-jsr310-2.13.1.jar:/home/otasowie/.m2/repository/com/fasterxml/jackson/module/jackson-module-parameter-names/2.13.1/jackson-module-parameter-names-2.13.1.jar:/home/otasowie/.m2/repository/org/springframework/spring-web/5.3.15/spring-web-5.3.15.jar:/home/otasowie/.m2/repository/org/springframework/spring-webmvc/5.3.15/spring-webmvc-5.3.15.jar:/home/otasowie/.m2/repository/org/springframework/spring-expression/5.3.15/spring-expression-5.3.15.jar:/home/otasowie/.m2/repository/org/springframework/boot/spring-boot-starter-tomcat/2.6.3/spring-boot-starter-tomcat-2.6.3.jar:/home/otasowie/.m2/repository/jakarta/annotation/jakarta.annotation-api/1.3.5/jakarta.annotation-api-1.3.5.jar:/home/otasowie/.m2/repository/org/apache/tomcat/embed/tomcat-embed-core/9.0.56/tomcat-embed-core-9.0.56.jar:/home/otasowie/.m2/repository/org/apache/tomcat/embed/tomcat-embed-el/9.0.56/tomcat-embed-el-9.0.56.jar:/home/otasowie/.m2/repository/org/apache/tomcat/embed/tomcat-embed-websocket/9.0.56/tomcat-embed-websocket-9.0.56.jar:/home/otasowie/.m2/repository/com/h2database/h2/1.4.200/h2-1.4.200.jar:/home/otasowie/.m2/repository/org/springframework/boot/spring-boot-starter-security/2.6.3/spring-boot-starter-security-2.6.3.jar:/home/otasowie/.m2/repository/org/springframework/spring-aop/5.3.15/spring-aop-5.3.15.jar:/home/otasowie/.m2/repository/org/springframework/security/spring-security-config/5.6.1/spring-security-config-5.6.1.jar:/home/otasowie/.m2/repository/org/springframework/security/spring-security-web/5.6.1/spring-security-web-5.6.1.jar:/home/otasowie/.m2/repository/org/codehaus/mojo/tomcat-maven-plugin/1.1/tomcat-maven-plugin-1.1.jar:/home/otasowie/.m2/repository/org/apache/maven/maven-plugin-api/2.0.8/maven-plugin-api-2.0.8.jar:/home/otasowie/.m2/repository/org/apache/maven/maven-artifact-manager/2.0.8/maven-artifact-manager-2.0.8.jar:/home/otasowie/.m2/repository/org/apache/maven/maven-repository-metadata/2.0.8/maven-repository-metadata-2.0.8.jar:/home/otasowie/.m2/repository/org/codehaus/plexus/plexus-container-default/1.0-alpha-9-stable-1/plexus-container-default-1.0-alpha-9-stable-1.jar:/home/otasowie/.m2/repository/junit/junit/4.13.2/junit-4.13.2.jar:/home/otasowie/.m2/repository/org/hamcrest/hamcrest-core/2.2/hamcrest-core-2.2.jar:/home/otasowie/.m2/repository/classworlds/classworlds/1.1-alpha-2/classworlds-1.1-alpha-2.jar:/home/otasowie/.m2/repository/org/apache/maven/wagon/wagon-provider-api/1.0-alpha-5/wagon-provider-api-1.0-alpha-5.jar:/home/otasowie/.m2/repository/org/apache/maven/maven-artifact/2.0.8/maven-artifact-2.0.8.jar:/home/otasowie/.m2/repository/org/apache/maven/maven-project/2.0.8/maven-project-2.0.8.jar:/home/otasowie/.m2/repository/org/apache/maven/maven-settings/2.0.8/maven-settings-2.0.8.jar:/home/otasowie/.m2/repository/org/apache/maven/maven-profile/2.0.8/maven-profile-2.0.8.jar:/home/otasowie/.m2/repository/org/apache/maven/maven-model/2.0.8/maven-model-2.0.8.jar:/home/otasowie/.m2/repository/org/apache/maven/maven-plugin-registry/2.0.8/maven-plugin-registry-2.0.8.jar:/home/otasowie/.m2/repository/org/apache/maven/maven-archiver/2.2/maven-archiver-2.2.jar:/home/otasowie/.m2/repository/org/codehaus/plexus/plexus-archiver/1.0-alpha-7/plexus-archiver-1.0-alpha-7.jar:/home/otasowie/.m2/repository/org/codehaus/plexus/plexus-utils/1.0.4/plexus-utils-1.0.4.jar:/home/otasowie/.m2/repository/commons-codec/commons-codec/1.15/commons-codec-1.15.jar:/home/otasowie/.m2/repository/org/codehaus/plexus/plexus-classworlds/2.2.2/plexus-classworlds-2.2.2.jar:/home/otasowie/.m2/repository/org/apache/tomcat/catalina/6.0.29/catalina-6.0.29.jar:/home/otasowie/.m2/repository/org/apache/tomcat/juli/6.0.29/juli-6.0.29.jar:/home/otasowie/.m2/repository/org/apache/tomcat/annotations-api/6.0.29/annotations-api-6.0.29.jar:/home/otasowie/.m2/repository/org/apache/tomcat/catalina-ha/6.0.29/catalina-ha-6.0.29.jar:/home/otasowie/.m2/repository/org/apache/tomcat/tribes/6.0.29/tribes-6.0.29.jar:/home/otasowie/.m2/repository/org/apache/tomcat/el-api/6.0.29/el-api-6.0.29.jar:/home/otasowie/.m2/repository/org/apache/tomcat/jasper/6.0.29/jasper-6.0.29.jar:/home/otasowie/.m2/repository/org/apache/tomcat/jasper-el/6.0.29/jasper-el-6.0.29.jar:/home/otasowie/.m2/repository/org/apache/tomcat/jasper-jdt/6.0.29/jasper-jdt-6.0.29.jar:/home/otasowie/.m2/repository/org/apache/tomcat/jsp-api/6.0.29/jsp-api-6.0.29.jar:/home/otasowie/.m2/repository/org/apache/tomcat/servlet-api/6.0.29/servlet-api-6.0.29.jar:/home/otasowie/.m2/repository/org/apache/tomcat/coyote/6.0.29/coyote-6.0.29.jar:/home/otasowie/.m2/repository/org/apache/tomcat/dbcp/6.0.29/dbcp-6.0.29.jar:/home/otasowie/.m2/repository/com/auth0/java-jwt/3.19.0/java-jwt-3.19.0.jar:/home/otasowie/.m2/repository/com/fasterxml/jackson/core/jackson-databind/2.13.1/jackson-databind-2.13.1.jar:/home/otasowie/.m2/repository/com/fasterxml/jackson/core/jackson-annotations/2.13.1/jackson-annotations-2.13.1.jar:/home/otasowie/.m2/repository/com/fasterxml/jackson/core/jackson-core/2.13.1/jackson-core-2.13.1.jar:/home/otasowie/.m2/repository/org/liquibase/liquibase-core/4.7.1/liquibase-core-4.7.1.jar:/home/otasowie/.m2/repository/javax/xml/bind/jaxb-api/2.3.1/jaxb-api-2.3.1.jar:/home/otasowie/.m2/repository/javax/activation/javax.activation-api/1.2.0/javax.activation-api-1.2.0.jar:/home/otasowie/.m2/repository/org/liquibase/liquibase-maven-plugin/4.7.1/liquibase-maven-plugin-4.7.1.jar:/home/otasowie/.m2/repository/org/apache/maven/maven-core/3.3.9/maven-core-3.3.9.jar:/home/otasowie/.m2/repository/org/apache/maven/maven-settings-builder/3.3.9/maven-settings-builder-3.3.9.jar:/home/otasowie/.m2/repository/org/apache/maven/maven-builder-support/3.3.9/maven-builder-support-3.3.9.jar:/home/otasowie/.m2/repository/org/apache/maven/maven-model-builder/3.3.9/maven-model-builder-3.3.9.jar:/home/otasowie/.m2/repository/com/google/guava/guava/18.0/guava-18.0.jar:/home/otasowie/.m2/repository/org/apache/maven/maven-aether-provider/3.3.9/maven-aether-provider-3.3.9.jar:/home/otasowie/.m2/repository/org/eclipse/aether/aether-spi/1.0.2.v20150114/aether-spi-1.0.2.v20150114.jar:/home/otasowie/.m2/repository/org/eclipse/aether/aether-impl/1.0.2.v20150114/aether-impl-1.0.2.v20150114.jar:/home/otasowie/.m2/repository/org/eclipse/aether/aether-api/1.0.2.v20150114/aether-api-1.0.2.v20150114.jar:/home/otasowie/.m2/repository/org/eclipse/aether/aether-util/1.0.2.v20150114/aether-util-1.0.2.v20150114.jar:/home/otasowie/.m2/repository/org/eclipse/sisu/org.eclipse.sisu.plexus/0.3.2/org.eclipse.sisu.plexus-0.3.2.jar:/home/otasowie/.m2/repository/javax/enterprise/cdi-api/1.0/cdi-api-1.0.jar:/home/otasowie/.m2/repository/javax/annotation/jsr250-api/1.0/jsr250-api-1.0.jar:/home/otasowie/.m2/repository/org/eclipse/sisu/org.eclipse.sisu.inject/0.3.2/org.eclipse.sisu.inject-0.3.2.jar:/home/otasowie/.m2/repository/com/google/inject/guice/4.0/guice-4.0-no_aop.jar:/home/otasowie/.m2/repository/javax/inject/javax.inject/1/javax.inject-1.jar:/home/otasowie/.m2/repository/aopalliance/aopalliance/1.0/aopalliance-1.0.jar:/home/otasowie/.m2/repository/org/codehaus/plexus/plexus-interpolation/1.21/plexus-interpolation-1.21.jar:/home/otasowie/.m2/repository/org/codehaus/plexus/plexus-component-annotations/1.6/plexus-component-annotations-1.6.jar:/home/otasowie/.m2/repository/org/sonatype/plexus/plexus-sec-dispatcher/1.3/plexus-sec-dispatcher-1.3.jar:/home/otasowie/.m2/repository/org/sonatype/plexus/plexus-cipher/1.4/plexus-cipher-1.4.jar:/home/otasowie/.m2/repository/org/apache/commons/commons-lang3/3.12.0/commons-lang3-3.12.0.jar:/home/otasowie/.m2/repository/org/apache/maven/maven-compat/3.3.9/maven-compat-3.3.9.jar:/home/otasowie/.m2/repository/org/springframework/boot/spring-boot-starter-test/2.6.3/spring-boot-starter-test-2.6.3.jar:/home/otasowie/.m2/repository/org/springframework/boot/spring-boot-test/2.6.3/spring-boot-test-2.6.3.jar:/home/otasowie/.m2/repository/org/springframework/boot/spring-boot-test-autoconfigure/2.6.3/spring-boot-test-autoconfigure-2.6.3.jar:/home/otasowie/.m2/repository/com/jayway/jsonpath/json-path/2.6.0/json-path-2.6.0.jar:/home/otasowie/.m2/repository/net/minidev/json-smart/2.4.7/json-smart-2.4.7.jar:/home/otasowie/.m2/repository/net/minidev/accessors-smart/2.4.7/accessors-smart-2.4.7.jar:/home/otasowie/.m2/repository/org/ow2/asm/asm/9.1/asm-9.1.jar:/home/otasowie/.m2/repository/jakarta/xml/bind/jakarta.xml.bind-api/2.3.3/jakarta.xml.bind-api-2.3.3.jar:/home/otasowie/.m2/repository/jakarta/activation/jakarta.activation-api/1.2.2/jakarta.activation-api-1.2.2.jar:/home/otasowie/.m2/repository/org/assertj/assertj-core/3.21.0/assertj-core-3.21.0.jar:/home/otasowie/.m2/repository/org/hamcrest/hamcrest/2.2/hamcrest-2.2.jar:/home/otasowie/.m2/repository/org/junit/jupiter/junit-jupiter/5.8.2/junit-jupiter-5.8.2.jar:/home/otasowie/.m2/repository/org/junit/jupiter/junit-jupiter-api/5.8.2/junit-jupiter-api-5.8.2.jar:/home/otasowie/.m2/repository/org/opentest4j/opentest4j/1.2.0/opentest4j-1.2.0.jar:/home/otasowie/.m2/repository/org/junit/platform/junit-platform-commons/1.8.2/junit-platform-commons-1.8.2.jar:/home/otasowie/.m2/repository/org/apiguardian/apiguardian-api/1.1.2/apiguardian-api-1.1.2.jar:/home/otasowie/.m2/repository/org/junit/jupiter/junit-jupiter-params/5.8.2/junit-jupiter-params-5.8.2.jar:/home/otasowie/.m2/repository/org/junit/jupiter/junit-jupiter-engine/5.8.2/junit-jupiter-engine-5.8.2.jar:/home/otasowie/.m2/repository/org/junit/platform/junit-platform-engine/1.8.2/junit-platform-engine-1.8.2.jar:/home/otasowie/.m2/repository/org/mockito/mockito-core/4.0.0/mockito-core-4.0.0.jar:/home/otasowie/.m2/repository/net/bytebuddy/byte-buddy-agent/1.11.22/byte-buddy-agent-1.11.22.jar:/home/otasowie/.m2/repository/org/objenesis/objenesis/3.2/objenesis-3.2.jar:/home/otasowie/.m2/repository/org/mockito/mockito-junit-jupiter/4.0.0/mockito-junit-jupiter-4.0.0.jar:/home/otasowie/.m2/repository/org/skyscreamer/jsonassert/1.5.0/jsonassert-1.5.0.jar:/home/otasowie/.m2/repository/com/vaadin/external/google/android-json/0.0.20131108.vaadin1/android-json-0.0.20131108.vaadin1.jar:/home/otasowie/.m2/repository/org/springframework/spring-core/5.3.15/spring-core-5.3.15.jar:/home/otasowie/.m2/repository/org/springframework/spring-jcl/5.3.15/spring-jcl-5.3.15.jar:/home/otasowie/.m2/repository/org/springframework/spring-test/5.3.15/spring-test-5.3.15.jar:/home/otasowie/.m2/repository/org/xmlunit/xmlunit-core/2.8.4/xmlunit-core-2.8.4.jar:/home/otasowie/.m2/repository/org/springframework/security/spring-security-test/5.6.1/spring-security-test-5.6.1.jar:/home/otasowie/.m2/repository/org/springframework/security/spring-security-core/5.6.1/spring-security-core-5.6.1.jar:/home/otasowie/.m2/repository/org/springframework/security/spring-security-crypto/5.6.1/spring-security-crypto-5.6.1.jar:/home/otasowie/.m2/repository/org/springframework/boot/spring-boot-starter-log4j2/2.6.3/spring-boot-starter-log4j2-2.6.3.jar:/home/otasowie/.m2/repository/org/apache/logging/log4j/log4j-jul/2.17.1/log4j-jul-2.17.1.jar:/home/otasowie/.m2/repository/org/slf4j/jul-to-slf4j/1.7.33/jul-to-slf4j-1.7.33.jar:/home/otasowie/.m2/repository/org/apache/logging/log4j/log4j-api/2.17.2/log4j-api-2.17.2.jar:/home/otasowie/.m2/repository/org/apache/logging/log4j/log4j-core/2.17.2/log4j-core-2.17.2.jar:/home/otasowie/.m2/repository/org/apache/logging/log4j/log4j-slf4j-impl/2.17.2/log4j-slf4j-impl-2.17.2.jar:/home/otasowie/.m2/repository/org/slf4j/slf4j-api/1.7.33/slf4j-api-1.7.33.jar:/home/otasowie/.m2/repository/org/projectlombok/lombok/1.18.22/lombok-1.18.22.jar:"/>
    <property name="sun.cpu.endian" value="little"/>
    <property name="user.home" value="/home/otasowie"/>
    <property name="user.language" value="en"/>
    <property name="java.specification.vendor" value="Oracle Corporation"/>
    <property name="java.version.date" value="2022-01-18"/>
    <property name="java.home" value="/usr/lib/jvm/java-17-amazon-corretto"/>
    <property name="file.separator" value="/"/>
    <property name="basedir" value="/home/otasowie/code-dev/projects/udacity-courses/java-web-developer-nd/nd035-c4-Security-and-DevOps-master/starter_code"/>
    <property name="java.vm.compressedOopsMode" value="Zero based"/>
    <property name="line.separator" value="&#10;"/>
    <property name="java.vm.specification.vendor" value="Oracle Corporation"/>
    <property name="java.specification.name" value="Java Platform API Specification"/>
    <property name="surefire.real.class.path" value="/home/otasowie/code-dev/projects/udacity-courses/java-web-developer-nd/nd035-c4-Security-and-DevOps-master/starter_code/target/surefire/surefirebooter14511987831921425574.jar"/>
    <property name="sun.management.compiler" value="HotSpot 64-Bit Tiered Compilers"/>
    <property name="java.runtime.version" value="17.0.2+8-LTS"/>
    <property name="user.name" value="otasowie"/>
    <property name="path.separator" value=":"/>
    <property name="os.version" value="5.16.15-76051615-generic"/>
    <property name="java.runtime.name" value="OpenJDK Runtime Environment"/>
    <property name="file.encoding" value="UTF-8"/>
    <property name="java.vm.name" value="OpenJDK 64-Bit Server VM"/>
    <property name="java.vendor.version" value="Corretto-17.0.2.8.1"/>
    <property name="localRepository" value="/home/otasowie/.m2/repository"/>
    <property name="java.vendor.url.bug" value="https://github.com/corretto/corretto-17/issues/"/>
    <property name="java.io.tmpdir" value="/tmp"/>
    <property name="java.version" value="17.0.2"/>
    <property name="user.dir" value="/home/otasowie/code-dev/projects/udacity-courses/java-web-developer-nd/nd035-c4-Security-and-DevOps-master/starter_code"/>
    <property name="os.arch" value="amd64"/>
    <property name="java.vm.specification.name" value="Java Virtual Machine Specification"/>
    <property name="native.encoding" value="UTF-8"/>
    <property name="java.library.path" value="/usr/java/packages/lib:/usr/lib64:/lib64:/lib:/usr/lib"/>
    <property name="java.vm.info" value="mixed mode, sharing"/>
    <property name="java.vendor" value="Amazon.com Inc."/>
    <property name="java.vm.version" value="17.0.2+8-LTS"/>
    <property name="sun.io.unicode.encoding" value="UnicodeLittle"/>
    <property name="java.class.version" value="61.0"/>
  </properties>
  <testcase name="whenValidUserWitheItemsInCart_OrderIsSavedFromCart" classname="com.example.demo.controllers.OrderControllerTests" time="0.788"/>
</testsuite>